Logging started 2024-01-04 00:18:01
    12.31 ms : Enabling low frag heap (0.08 ms)
    12.39 ms : Launching splash screen (2.30 ms)
    14.69 ms : Waiting for splash screen (8.82 ms)
    23.52 ms : Waiting for splash screen (8.99 ms)
    32.51 ms : Waiting for splash screen (9.04 ms)
    41.55 ms : Alloc other stuff (2.54 ms)
    44.09 ms : Loading amisci.dll (23.27 ms)
    67.36 ms : Setting up SEH translator (1.60 ms)
    68.96 ms : Initializing OLE (0.07 ms)
    69.03 ms : Initializing RichEdit (1.71 ms)
    70.74 ms : Checking current working directory (1.13 ms)
    71.87 ms : Loading persistent variables (0.26 ms)
    72.13 ms : Loading MRU lists (9.00 ms)
    81.13 ms : Loading commisison table (0.08 ms)
    81.21 ms : Loading preferences (2.36 ms)
    83.57 ms : Initializing display settings (0.43 ms)
    84.00 ms : Loading old groups and markets (13.21 ms)
    97.21 ms : Loading GICS and ICB (17.81 ms)
   115.02 ms : Loading plugins (0.21 ms)
   115.23 ms :  Loading 'C:\Users\tranc\Desktop\AmiBroker 6.30x64 Portable\Plugins\Candle.dll'  (0.47 ms)
   115.71 ms :  Loading 'C:\Users\tranc\Desktop\AmiBroker 6.30x64 Portable\Plugins\CMAE.dll'  (0.57 ms)
   116.28 ms :  Loading 'C:\Users\tranc\Desktop\AmiBroker 6.30x64 Portable\Plugins\CQG.dll'  (0.67 ms)
   116.95 ms :  Loading 'C:\Users\tranc\Desktop\AmiBroker 6.30x64 Portable\Plugins\DDE.dll'  (5.28 ms)
   122.22 ms :  Loading 'C:\Users\tranc\Desktop\AmiBroker 6.30x64 Portable\Plugins\eSignal.dll'  (16.49 ms)
   138.71 ms :  Loading 'C:\Users\tranc\Desktop\AmiBroker 6.30x64 Portable\Plugins\FData.dll'  (773.05 ms)
   911.76 ms :  Loading 'C:\Users\tranc\Desktop\AmiBroker 6.30x64 Portable\Plugins\FialdaPro.dll'  (40.01 ms)
   951.77 ms :  Loading 'C:\Users\tranc\Desktop\AmiBroker 6.30x64 Portable\Plugins\FT.dll' - failed. Error code: 126: The specified module could not be found. (31.52 ms)
   983.29 ms :  Loading 'C:\Users\tranc\Desktop\AmiBroker 6.30x64 Portable\Plugins\IB.dll'  (9.04 ms)
   992.34 ms :  Loading 'C:\Users\tranc\Desktop\AmiBroker 6.30x64 Portable\Plugins\IQFeed.dll'  (58.79 ms)
  1051.13 ms :  Loading 'C:\Users\tranc\Desktop\AmiBroker 6.30x64 Portable\Plugins\MOCASample.dll'  (94.63 ms)
  1145.76 ms :  Loading 'C:\Users\tranc\Desktop\AmiBroker 6.30x64 Portable\Plugins\MS.dll'  (41.56 ms)
  1187.32 ms :  Loading 'C:\Users\tranc\Desktop\AmiBroker 6.30x64 Portable\Plugins\MT.dll'  (57.85 ms)
  1245.17 ms :  Loading 'C:\Users\tranc\Desktop\AmiBroker 6.30x64 Portable\Plugins\myTrk.dll'  (63.30 ms)
  1308.47 ms :  Loading 'C:\Users\tranc\Desktop\AmiBroker 6.30x64 Portable\Plugins\ODBC.dll'  (49.28 ms)
  1357.75 ms :  Loading 'C:\Users\tranc\Desktop\AmiBroker 6.30x64 Portable\Plugins\ODBCA.dll'  (47.50 ms)
  1405.25 ms :  Loading 'C:\Users\tranc\Desktop\AmiBroker 6.30x64 Portable\Plugins\PatternExplorer.dll'  (374.46 ms)
  1779.71 ms :  Loading 'C:\Users\tranc\Desktop\AmiBroker 6.30x64 Portable\Plugins\PSOSample.dll'  (26.65 ms)
  1806.36 ms :  Loading 'C:\Users\tranc\Desktop\AmiBroker 6.30x64 Portable\Plugins\QP2.dll' - failed. Error code: 126: The specified module could not be found. (41.78 ms)
  1848.13 ms :  Loading 'C:\Users\tranc\Desktop\AmiBroker 6.30x64 Portable\Plugins\QT.dll'  (33.71 ms)
  1881.84 ms :  Loading 'C:\Users\tranc\Desktop\AmiBroker 6.30x64 Portable\Plugins\TC2K.dll' - failed. Error code: 1114: A dynamic link library (DLL) initialization routine failed. (36.27 ms)
  1918.11 ms :  Loading 'C:\Users\tranc\Desktop\AmiBroker 6.30x64 Portable\Plugins\TC2KFunds.dll' - failed. Error code: 1114: A dynamic link library (DLL) initialization routine failed. (31.48 ms)
  1949.59 ms :  Loading 'C:\Users\tranc\Desktop\AmiBroker 6.30x64 Portable\Plugins\Tribes.dll'  (23.10 ms)
  1972.68 ms :  Checking for any new non-certified plugins (0.17 ms)
  1972.86 ms :  Done. (0.04 ms)
  1972.90 ms : Loading AT interfaces (0.08 ms)
  1972.98 ms : Loading AFL function table (1.82 ms)
  1974.80 ms : Init chart infos (1.21 ms)
  1976.01 ms : Loading parameters (25.35 ms)
  2001.36 ms : Loading chart infos (0.98 ms)
  2002.34 ms : Loading custom tools (9.50 ms)
  2011.84 ms : Allocating lists (0.19 ms)
  2012.03 ms : Loading layers and alerts (1.83 ms)
  2013.86 ms : Loading miscellaneous data (0.15 ms)
  2014.01 ms : Adding MDI templates (3.87 ms)
  2017.88 ms : Register OLE server (6.38 ms)
  2024.26 ms : Creating main frame object (32.24 ms)
  2056.50 ms : Loading main frame (284.55 ms)
  2341.06 ms : Parsing command line (0.03 ms)
  2341.09 ms : Checking Broker.Document object registration (2.88 ms)
  2343.97 ms : Setting browser emulation to IE11 (0.14 ms)
  2344.11 ms : Dispatch commands via ProcessShellCommand (0.18 ms)
  2344.29 ms : Showing main frame window (215.56 ms)
  2559.85 ms : Setting up accelerators (0.36 ms)
  2560.21 ms : Loading database (LoadMarketData) (55.85 ms)
  2616.06 ms : Setting active symbol (205.96 ms)
  2822.01 ms : Opening default chart (55.48 ms)
  2877.49 ms : Loading default workspace/layout (857.01 ms)
  3734.50 ms : Closing startup splash screen (async in 1 second) (12.34 ms)
  3746.84 ms : Starting up schedule (0.26 ms)
  3747.10 ms : *InitInstance finished
Logging ended 2024-01-04 00:26:35

